<?xml version="1.0" encoding="UTF-8"?>
<!-- Generated by org.testng.reporters.JUnitReportReporter -->
<testsuite hostname="MININT-KA5C7LA" name="testcases.CBCS105_AsReiverSearchOneOrderUsingOrderNumber" tests="1" failures="0" timestamp="17 Dec 2014 01:40:20 GMT" time="11.845" errors="0">
  <testcase name="asReiverSearchOneOrderUsingOrderNumberTest" time="11.845" classname="testcases.CBCS105_AsReiverSearchOneOrderUsingOrderNumber"/>
</testsuite> <!-- testcases.CBCS105_AsReiverSearchOneOrderUsingOrderNumber -->
