<?xml version="1.0" encoding="UTF-8"?>
<!-- Generated by org.testng.reporters.JUnitReportReporter -->
<testsuite hostname="MININT-KA5C7LA" name="testcases.CBCS315_AsAdminICanDeleteAReceiver" tests="1" failures="0" timestamp="15 Jan 2015 03:53:17 GMT" time="50.836" errors="0">
  <testcase name="asAdminIMayDeleteAReceiverTest" time="50.836" classname="testcases.CBCS315_AsAdminICanDeleteAReceiver"/>
</testsuite> <!-- testcases.CBCS315_AsAdminICanDeleteAReceiver -->
