<?xml version="1.0" encoding="UTF-8"?>
<!-- Generated by org.testng.reporters.JUnitReportReporter -->
<testsuite hostname="MININT-KA5C7LA" name="testcases.CBCS138_AsShippingICanChangeTierStatusToShipped" tests="1" failures="0" timestamp="17 Dec 2014 01:40:20 GMT" time="16.848" errors="0">
  <testcase name="changeTierStatusToShippedTest" time="16.848" classname="testcases.CBCS138_AsShippingICanChangeTierStatusToShipped"/>
</testsuite> <!-- testcases.CBCS138_AsShippingICanChangeTierStatusToShipped -->
