<?xml version="1.0" encoding="UTF-8"?>
<!-- Generated by org.testng.reporters.JUnitReportReporter -->
<testsuite hostname="MININT-KA5C7LA" name="testcases.CBCS77_AdminLogin" tests="1" failures="0" timestamp="15 Jan 2015 03:53:17 GMT" time="18.711" errors="0">
  <testcase name="adminLoginTest" time="18.711" classname="testcases.CBCS77_AdminLogin"/>
</testsuite> <!-- testcases.CBCS77_AdminLogin -->
