<?xml version="1.0" encoding="UTF-8"?>
<!-- Generated by org.testng.reporters.JUnitReportReporter -->
<testsuite hostname="MININT-KA5C7LA" name="testcases.CBCS315_AsAdminICanDeleteAReceiver" tests="1" failures="0" timestamp="17 Dec 2014 01:40:20 GMT" time="51.807" errors="0">
  <testcase name="asAdminIMayDeleteAReceiverTest" time="51.807" classname="testcases.CBCS315_AsAdminICanDeleteAReceiver"/>
</testsuite> <!-- testcases.CBCS315_AsAdminICanDeleteAReceiver -->
