<?xml version="1.0" encoding="UTF-8"?>
<!-- Generated by org.testng.reporters.JUnitReportReporter -->
<testsuite hostname="MININT-KA5C7LA" name="testcases.CBCS183_ValidateExpandedConsumerTierRulesCorrectly" tests="1" failures="0" timestamp="15 Jan 2015 03:53:17 GMT" time="73.330" errors="0">
  <testcase name="validateExpandedConsumerTierRulesCorrectlyTest" time="73.330" classname="testcases.CBCS183_ValidateExpandedConsumerTierRulesCorrectly"/>
</testsuite> <!-- testcases.CBCS183_ValidateExpandedConsumerTierRulesCorrectly -->
