<?xml version="1.0" encoding="UTF-8"?>
<!-- Generated by org.testng.reporters.JUnitReportReporter -->
<testsuite hostname="MININT-KA5C7LA" name="testcases.CBCS80_AsCustomerICanAddANewBillingAddress" tests="1" failures="0" timestamp="15 Jan 2015 03:53:17 GMT" time="40.762" errors="0">
  <testcase name="asCustomerIMayAddANewBillingAddressTest" time="40.762" classname="testcases.CBCS80_AsCustomerICanAddANewBillingAddress"/>
</testsuite> <!-- testcases.CBCS80_AsCustomerICanAddANewBillingAddress -->
