<?xml version="1.0" encoding="UTF-8"?>
<!-- Generated by org.testng.reporters.JUnitReportReporter -->
<testsuite hostname="MININT-KA5C7LA" name="testcases.CBCS316_AsCustomerICanSeeTheListOfAllMyOrders" tests="1" failures="0" timestamp="17 Dec 2014 01:40:20 GMT" time="14.056" errors="0">
  <testcase name="asCustomerICanSeeTheListOfAllMyOrdersTest" time="14.056" classname="testcases.CBCS316_AsCustomerICanSeeTheListOfAllMyOrders"/>
</testsuite> <!-- testcases.CBCS316_AsCustomerICanSeeTheListOfAllMyOrders -->
