<?xml version="1.0" encoding="UTF-8"?>
<!-- Generated by org.testng.reporters.JUnitReportReporter -->
<testsuite hostname="MININT-KA5C7LA" name="testcases.CBCS81_AsFinalizerICanQualifyAComic" tests="1" failures="0" timestamp="15 Jan 2015 03:53:17 GMT" time="84.248" errors="0">
  <testcase name="asFinalizerICanQualifyAComicTest" time="84.248" classname="testcases.CBCS81_AsFinalizerICanQualifyAComic"/>
</testsuite> <!-- testcases.CBCS81_AsFinalizerICanQualifyAComic -->
