<?xml version="1.0" encoding="UTF-8"?>
<!-- Generated by org.testng.reporters.JUnitReportReporter -->
<testsuite hostname="MININT-KA5C7LA" name="testcases.CBCS214_AsCustomerICanAddACouponToTheaOrder" tests="1" failures="0" timestamp="17 Dec 2014 01:40:20 GMT" time="60.678" errors="0">
  <testcase name="asCustomerICanAddACouponToTheaOrderTest" time="60.678" classname="testcases.CBCS214_AsCustomerICanAddACouponToTheaOrder"/>
</testsuite> <!-- testcases.CBCS214_AsCustomerICanAddACouponToTheaOrder -->
