<?xml version="1.0" encoding="UTF-8"?>
<!-- Generated by org.testng.reporters.JUnitReportReporter -->
<testsuite hostname="MININT-KA5C7LA" name="testcases.CBCS305_ReceiverLogin" tests="1" failures="0" timestamp="15 Jan 2015 03:53:17 GMT" time="7.941" errors="0">
  <testcase name="receiverLoginTest" time="7.941" classname="testcases.CBCS305_ReceiverLogin"/>
</testsuite> <!-- testcases.CBCS305_ReceiverLogin -->
