<?xml version="1.0" encoding="UTF-8"?>
<!-- Generated by org.testng.reporters.JUnitReportReporter -->
<testsuite hostname="MININT-KA5C7LA" name="testcases.CBCS92_AsAdminICanCreateAReceiverUser" tests="1" failures="0" timestamp="15 Jan 2015 03:53:17 GMT" time="49.885" errors="0">
  <testcase name="asAdminIMayCreateAReceiverUserTest" time="49.885" classname="testcases.CBCS92_AsAdminICanCreateAReceiverUser"/>
</testsuite> <!-- testcases.CBCS92_AsAdminICanCreateAReceiverUser -->
