<?xml version="1.0" encoding="UTF-8"?>
<!-- Generated by org.testng.reporters.JUnitReportReporter -->
<testsuite hostname="MININT-KA5C7LA" name="testcases.CBCS_319AsCustomerICanEditABillingAddress" tests="1" failures="0" timestamp="28 Jan 2015 15:08:13 GMT" time="46.119" errors="0">
  <testcase name="asCustomerICanEditABillingAddressTest" time="46.119" classname="testcases.CBCS_319AsCustomerICanEditABillingAddress"/>
</testsuite> <!-- testcases.CBCS_319AsCustomerICanEditABillingAddress -->
