<?xml version="1.0" encoding="UTF-8"?>
<!-- Generated by org.testng.reporters.JUnitReportReporter -->
<testsuite hostname="MININT-KA5C7LA" name="testcases.CBCS105_AsReiverSearchOneOrderUsingOrderNumber" tests="1" failures="0" timestamp="15 Jan 2015 03:53:17 GMT" time="14.450" errors="0">
  <testcase name="asReiverSearchOneOrderUsingOrderNumberTest" time="14.450" classname="testcases.CBCS105_AsReiverSearchOneOrderUsingOrderNumber"/>
</testsuite> <!-- testcases.CBCS105_AsReiverSearchOneOrderUsingOrderNumber -->
