<?xml version="1.0" encoding="UTF-8"?>
<!-- Generated by org.testng.reporters.JUnitReportReporter -->
<testsuite hostname="MININT-KA5C7LA" name="testcases.CBCS317_AsCustomerICanUseMyBillingAddressAsShippingAddress" tests="1" failures="0" timestamp="15 Jan 2015 03:53:17 GMT" time="45.871" errors="0">
  <testcase name="asCustomerICanUseMyBillingAddressAsShippingAddressTest" time="45.871" classname="testcases.CBCS317_AsCustomerICanUseMyBillingAddressAsShippingAddress"/>
</testsuite> <!-- testcases.CBCS317_AsCustomerICanUseMyBillingAddressAsShippingAddress -->
