<?xml version="1.0" encoding="UTF-8"?>
<!-- Generated by org.testng.reporters.JUnitReportReporter -->
<testsuite hostname="MININT-KA5C7LA" name="testcases.CBCS214_AsCustomerICanAddACouponToTheaOrder" tests="1" failures="0" timestamp="15 Jan 2015 03:53:17 GMT" time="76.246" errors="0">
  <testcase name="asCustomerICanAddACouponToTheaOrderTest" time="76.246" classname="testcases.CBCS214_AsCustomerICanAddACouponToTheaOrder"/>
</testsuite> <!-- testcases.CBCS214_AsCustomerICanAddACouponToTheaOrder -->
