<?xml version="1.0" encoding="UTF-8"?>
<!-- Generated by org.testng.reporters.JUnitReportReporter -->
<testsuite hostname="MININT-KA5C7LA" name="testcases.CBCS_320AsCustomerICanSelectPickUpAtCBCSAsShipping" tests="1" failures="0" timestamp="28 Jan 2015 15:08:13 GMT" time="74.829" errors="0">
  <testcase name="asCustomerICanSelectPickUpAtCBCSAsShippingTest" time="74.829" classname="testcases.CBCS_320AsCustomerICanSelectPickUpAtCBCSAsShipping"/>
</testsuite> <!-- testcases.CBCS_320AsCustomerICanSelectPickUpAtCBCSAsShipping -->
