<?xml version="1.0" encoding="UTF-8"?>
<!-- Generated by org.testng.reporters.JUnitReportReporter -->
<testsuite hostname="MININT-KA5C7LA" name="testcases.CBCS_320AsCustomerICanSelectPickUpAtCBCSAsShipping" tests="1" failures="0" timestamp="17 Dec 2014 01:40:20 GMT" time="56.548" errors="0">
  <testcase name="asCustomerICanSelectPickUpAtCBCSAsShippingTest" time="56.548" classname="testcases.CBCS_320AsCustomerICanSelectPickUpAtCBCSAsShipping"/>
</testsuite> <!-- testcases.CBCS_320AsCustomerICanSelectPickUpAtCBCSAsShipping -->
