<?xml version="1.0" encoding="UTF-8"?>
<!-- Generated by org.testng.reporters.JUnitReportReporter -->
<testsuite hostname="MININT-KA5C7LA" name="testcases.CBCS308_AsSlabICanPrintLabelsOfAllComicBooks" tests="1" failures="0" timestamp="15 Jan 2015 03:53:17 GMT" time="19.264" errors="0">
  <testcase name="asSlabICanPrintLabelsOfAllComicBooksTest" time="19.264" classname="testcases.CBCS308_AsSlabICanPrintLabelsOfAllComicBooks"/>
</testsuite> <!-- testcases.CBCS308_AsSlabICanPrintLabelsOfAllComicBooks -->
