<?xml version="1.0" encoding="UTF-8"?>
<!-- Generated by org.testng.reporters.JUnitReportReporter -->
<testsuite hostname="MININT-KA5C7LA" name="testcases.CBCS316_AsCustomerICanSeeTheListOfAllMyOrders" tests="1" failures="0" timestamp="15 Jan 2015 03:53:17 GMT" time="23.596" errors="0">
  <testcase name="asCustomerICanSeeTheListOfAllMyOrdersTest" time="23.596" classname="testcases.CBCS316_AsCustomerICanSeeTheListOfAllMyOrders"/>
</testsuite> <!-- testcases.CBCS316_AsCustomerICanSeeTheListOfAllMyOrders -->
