<?xml version="1.0" encoding="UTF-8"?>
<!-- Generated by org.testng.reporters.JUnitReportReporter -->
<testsuite hostname="MININT-KA5C7LA" name="testcases.CBCS183_ValidateExpandedConsumerTierRulesCorrectly" tests="1" failures="0" timestamp="17 Dec 2014 01:40:20 GMT" time="58.403" errors="0">
  <testcase name="validateExpandedConsumerTierRulesCorrectlyTest" time="58.403" classname="testcases.CBCS183_ValidateExpandedConsumerTierRulesCorrectly"/>
</testsuite> <!-- testcases.CBCS183_ValidateExpandedConsumerTierRulesCorrectly -->
