<?xml version="1.0" encoding="UTF-8"?>
<!-- Generated by org.testng.reporters.JUnitReportReporter -->
<testsuite hostname="MININT-KA5C7LA" name="testcases.CBCS317_AsCustomerICanUseMyBillingAddressAsShippingAddress" tests="1" failures="0" timestamp="17 Dec 2014 01:40:20 GMT" time="22.411" errors="0">
  <testcase name="asCustomerICanUseMyBillingAddressAsShippingAddressTest" time="22.411" classname="testcases.CBCS317_AsCustomerICanUseMyBillingAddressAsShippingAddress"/>
</testsuite> <!-- testcases.CBCS317_AsCustomerICanUseMyBillingAddressAsShippingAddress -->
