<?xml version="1.0" encoding="UTF-8"?>
<!-- Generated by org.testng.reporters.JUnitReportReporter -->
<testsuite hostname="MININT-KA5C7LA" name="testcases.CBCS316_AsCustomerICanCreateAOrder" tests="1" failures="0" timestamp="19 Jan 2015 21:06:26 GMT" time="61.913" errors="0">
  <testcase name="asCustomerICanCreateAOrderTest" time="61.913" classname="testcases.CBCS316_AsCustomerICanCreateAOrder"/>
</testsuite> <!-- testcases.CBCS316_AsCustomerICanCreateAOrder -->
