<?xml version="1.0" encoding="UTF-8"?>
<!-- Generated by org.testng.reporters.JUnitReportReporter -->
<testsuite hostname="MININT-KA5C7LA" name="testcases.CBCS309_AsGraderICanChangeTierStatusToGraded" tests="1" failures="0" timestamp="15 Jan 2015 03:53:17 GMT" time="76.225" errors="0">
  <testcase name="asGraderICanChangeTierStatusToGradedTest" time="76.225" classname="testcases.CBCS309_AsGraderICanChangeTierStatusToGraded"/>
</testsuite> <!-- testcases.CBCS309_AsGraderICanChangeTierStatusToGraded -->
