<?xml version="1.0" encoding="UTF-8"?>
<!-- Generated by org.testng.reporters.JUnitReportReporter -->
<testsuite hostname="MININT-KA5C7LA" name="testcases.CBCS80_AsCustomerICanAddANewBillingAddress" tests="1" failures="0" timestamp="17 Dec 2014 01:40:20 GMT" time="22.759" errors="0">
  <testcase name="asCustomerIMayAddANewBillingAddressTest" time="22.759" classname="testcases.CBCS80_AsCustomerICanAddANewBillingAddress"/>
</testsuite> <!-- testcases.CBCS80_AsCustomerICanAddANewBillingAddress -->
