<?xml version="1.0" encoding="UTF-8"?>
<!-- Generated by org.testng.reporters.JUnitReportReporter -->
<testsuite hostname="MININT-KA5C7LA" name="testcases.CBCS_318AsCustomerICanDeleteABillingAddress" tests="1" failures="0" timestamp="28 Jan 2015 15:08:13 GMT" time="44.119" errors="0">
  <testcase name="asCustomerICanDeleteABillingAddressTest" time="44.119" classname="testcases.CBCS_318AsCustomerICanDeleteABillingAddress"/>
</testsuite> <!-- testcases.CBCS_318AsCustomerICanDeleteABillingAddress -->
