<?xml version="1.0" encoding="UTF-8"?>
<!-- Generated by org.testng.reporters.JUnitReportReporter -->
<testsuite hostname="MININT-KA5C7LA" name="testcases.CBCS77_AdminLogin" tests="1" failures="0" timestamp="17 Dec 2014 01:40:20 GMT" time="5.988" errors="0">
  <testcase name="adminLoginTest" time="5.988" classname="testcases.CBCS77_AdminLogin"/>
</testsuite> <!-- testcases.CBCS77_AdminLogin -->
