<?xml version="1.0" encoding="UTF-8"?>
<!-- Generated by org.testng.reporters.JUnitReportReporter -->
<testsuite hostname="MININT-KA5C7LA" name="testcases.CBCS_321AsCustomerICanSelectPickUpAtConvetionAsShipping" tests="1" failures="0" timestamp="17 Dec 2014 01:40:20 GMT" time="56.695" errors="0">
  <testcase name="asCustomerICanSelectPickUpAtConvetionAsShippingTest" time="56.695" classname="testcases.CBCS_321AsCustomerICanSelectPickUpAtConvetionAsShipping"/>
</testsuite> <!-- testcases.CBCS_321AsCustomerICanSelectPickUpAtConvetionAsShipping -->
