<?xml version="1.0" encoding="UTF-8"?>
<!-- Generated by org.testng.reporters.JUnitReportReporter -->
<testsuite hostname="MININT-KA5C7LA" name="testcases.CBCS86_AsQCICanMarkATierLikeQCFinished" tests="1" failures="0" timestamp="13 Jan 2015 17:10:20 GMT" time="14.053" errors="0">
  <testcase name="asQCICanMarkATierLikeQCFinishedTest" time="14.053" classname="testcases.CBCS86_AsQCICanMarkATierLikeQCFinished"/>
</testsuite> <!-- testcases.CBCS86_AsQCICanMarkATierLikeQCFinished -->
