<?xml version="1.0" encoding="UTF-8"?>
<!-- Generated by org.testng.reporters.JUnitReportReporter -->
<testsuite hostname="MININT-KA5C7LA" name="testcases.CBCS_319AsCustomerICanEditABillingAddress" tests="1" failures="0" timestamp="17 Dec 2014 01:40:20 GMT" time="41.758" errors="0">
  <testcase name="asCustomerICanEditABillingAddressTest" time="41.758" classname="testcases.CBCS_319AsCustomerICanEditABillingAddress"/>
</testsuite> <!-- testcases.CBCS_319AsCustomerICanEditABillingAddress -->
