<?xml version="1.0" encoding="UTF-8"?>
<!-- Generated by org.testng.reporters.JUnitReportReporter -->
<testsuite hostname="MININT-KA5C7LA" name="testcases.CBCS306_AsReceiverICanChangeOrderStatusToInSafe" tests="1" failures="0" timestamp="15 Jan 2015 03:53:17 GMT" time="13.999" errors="0">
  <testcase name="changeOrderStatusToInSafeTest" time="13.999" classname="testcases.CBCS306_AsReceiverICanChangeOrderStatusToInSafe"/>
</testsuite> <!-- testcases.CBCS306_AsReceiverICanChangeOrderStatusToInSafe -->
