<?xml version="1.0" encoding="UTF-8"?>
<!-- Generated by org.testng.reporters.JUnitReportReporter -->
<testsuite hostname="MININT-KA5C7LA" name="testcases.CBCS318_AsCustomerICanSeeTheCalendar" tests="1" failures="0" timestamp="19 Jan 2015 21:01:16 GMT" time="21.533" errors="0">
  <testcase name="asCustomerICanSeeEventsCalendarTest" time="21.533" classname="testcases.CBCS318_AsCustomerICanSeeTheCalendar"/>
</testsuite> <!-- testcases.CBCS318_AsCustomerICanSeeTheCalendar -->
