<?xml version="1.0" encoding="UTF-8"?>
<!-- Generated by org.testng.reporters.JUnitReportReporter -->
<testsuite hostname="MININT-KA5C7LA" name="testcases.CBCS_318AsCustomerICanDeleteABillingAddress" tests="1" failures="0" timestamp="17 Dec 2014 01:40:20 GMT" time="32.024" errors="0">
  <testcase name="asCustomerICanDeleteABillingAddressTest" time="32.024" classname="testcases.CBCS_318AsCustomerICanDeleteABillingAddress"/>
</testsuite> <!-- testcases.CBCS_318AsCustomerICanDeleteABillingAddress -->
